{
  "RSpec": {
    "coverage": {
      "/home/anickel/tic-tac-toe-rb-ruby-apply-000/lib/tic_tac_toe.rb": [
        null,
        1,
        null,
        null,
        null,
        null,
        null,
        null,
        null,
        null,
        null,
        1,
        24,
        24,
        24,
        24,
        24,
        null,
        null,
        1,
        23,
        null,
        null,
        1,
        22,
        null,
        null,
        1,
        155,
        null,
        null,
        1,
        23,
        null,
        null,
        1,
        20,
        20,
        20,
        20,
        19,
        19,
        null,
        1,
        null,
        null,
        null,
        1,
        0,
        0,
        0,
        0,
        null,
        null,
        null,
        1,
        21,
        21,
        189,
        31,
        null,
        null,
        21,
        null,
        null,
        1,
        20,
        14,
        null,
        6,
        null,
        null,
        null,
        1,
        0,
        null,
        0,
        0,
        0,
        null,
        0,
        0,
        0,
        null,
        0,
        0,
        null,
        null,
        0,
        null,
        null,
        1,
        302,
        null,
        null,
        1,
        20,
        4,
        16,
        16,
        null,
        null,
        null,
        1,
        21,
        10,
        null,
        null,
        null,
        1,
        7,
        6,
        null,
        null,
        null,
        1,
        59,
        null,
        383,
        383,
        383,
        null,
        383,
        383,
        383,
        null,
        383,
        23,
        null,
        null,
        36,
        null,
        null,
        1,
        12,
        17,
        null,
        12,
        5,
        7,
        3,
        null,
        null,
        null
      ]
    },
    "timestamp": 1594242162
  }
}
